<!DOCTYPE html PUBLIC "-//W3C//DTD XHTML 1.1//EN" "https://www.w3.org/TR/xhtml11/DTD/xhtml11.dtd">
<html xmlns="https://www.w3.org/1999/xhtml">
<head>
<meta http-equiv="content-type" content="text/html; charset=UTF-8"/>
<title>TestNG Report</title>
<style type="text/css">table {margin-bottom:10px;border-collapse:collapse;empty-cells:show}th,td {border:1px solid #009;padding:.25em .5em}th {vertical-align:bottom}td {vertical-align:top}table a {font-weight:bold}.stripe td {background-color: #E6EBF9}.num {text-align:right}.passedodd td {background-color: #3F3}.passedeven td {background-color: #0A0}.skippedodd td {background-color: #DDD}.skippedeven td {background-color: #CCC}.failedodd td,.attn {background-color: #F33}.failedeven td,.stripe .attn {background-color: #D00}.stacktrace {white-space:pre;font-family:monospace}.totop {font-size:85%;text-align:center;border-bottom:2px solid #000}.invisible {display:none}</style>
</head>
<body>
<table>
<tr><th>Test</th><th># Passed</th><th># Skipped</th><th># Retried</th><th># Failed</th><th>Time (ms)</th><th>Included Groups</th><th>Excluded Groups</th></tr>
<tr><th colspan="8">Suite</th></tr>
<tr><td><a href="#t0">Test</a></td><td class="num">1</td><td class="num">0</td><td class="num">0</td><td class="num attn">3</td><td class="num">22,279</td><td></td><td></td></tr>
</table>
<table id='summary'><thead><tr><th>Class</th><th>Method</th><th>Start</th><th>Time (ms)</th></tr></thead><tbody><tr><th colspan="4">Suite</th></tr></tbody><tbody id="t0"><tr><th colspan="4">Test &#8212; failed</th></tr><tr class="failedeven"><td rowspan="1">testPackage.TaskTestCase</td><td><a href="#m0">project_customerMethod</a></td><td rowspan="1">1691134754392</td><td rowspan="1">14586</td></tr><tr class="failedodd"><td rowspan="1">testPackage.UserTestCase</td><td><a href="#m1">createUserMethod</a></td><td rowspan="1">1691134749488</td><td rowspan="1">746</td></tr><tr class="failedeven"><td rowspan="1">testPackage.ValidLoginTestCase</td><td><a href="#m2">inValidLoginMethod</a></td><td rowspan="1">1691134753206</td><td rowspan="1">4</td></tr><tr><th colspan="4">Test &#8212; passed</th></tr><tr class="passedeven"><td rowspan="1">testPackage.ValidLoginTestCase</td><td><a href="#m3">loginMethod</a></td><td rowspan="1">1691134751421</td><td rowspan="1">613</td></tr></tbody>
</table>
<h2>Test</h2><h3 id="m0">testPackage.TaskTestCase#project_customerMethod</h3><table class="result"><tr><th>Exception</th></tr><tr><td><div class="stacktrace">org.openqa.selenium.NoSuchElementException: Unable to find element with locator By.xpath: //div[text()=&apos;Taska&apos;]/following-sibling::img
For documentation on this error, please visit: https://www.selenium.dev/documentation/webdriver/troubleshooting/errors#no-such-element-exception
Build info: version: &apos;4.10.0&apos;, revision: &apos;c14d967899&apos;
System info: os.name: &apos;Windows 11&apos;, os.arch: &apos;amd64&apos;, os.version: &apos;10.0&apos;, java.version: &apos;17.0.7&apos;
Driver info: driver.version: RemoteWebDriver
	at org.openqa.selenium.remote.ElementLocation$ElementFinder$2.findElement(ElementLocation.java:168)
	at org.openqa.selenium.remote.ElementLocation.findElement(ElementLocation.java:59)
	at org.openqa.selenium.remote.RemoteWebDriver.findElement(RemoteWebDriver.java:350)
	at org.openqa.selenium.remote.RemoteWebDriver.findElement(RemoteWebDriver.java:344)
	at org.openqa.selenium.support.pagefactory.DefaultElementLocator.findElement(DefaultElementLocator.java:68)
	at org.openqa.selenium.support.pagefactory.internal.LocatingElementHandler.invoke(LocatingElementHandler.java:38)
	at jdk.proxy2/jdk.proxy2.$Proxy16.click(Unknown Source)
	at pagePackage.HomePage.clickOntaskModule(HomePage.java:61)
	at testPackage.TaskTestCase.project_customerMethod(TaskTestCase.java:21)
	at java.base/java.util.ArrayList.forEach(ArrayList.java:1511)
... Removed 27 stack frames</div></td></tr></table><p class="totop"><a href="#summary">back to summary</a></p>
<h3 id="m1">testPackage.UserTestCase#createUserMethod</h3><table class="result"><tr><th>Exception</th></tr><tr><td><div class="stacktrace">java.io.IOException: Your InputStream was neither an OLE2 stream, nor an OOXML stream or you haven&apos;t provide the poi-ooxml*.jar in the classpath/modulepath - FileMagic: OOXML, having providers: [org.apache.poi.hssf.usermodel.HSSFWorkbookFactory@75de6341]
	at org.apache.poi.ss.usermodel.WorkbookFactory.wp(WorkbookFactory.java:334)
	at org.apache.poi.ss.usermodel.WorkbookFactory.create(WorkbookFactory.java:224)
	at org.apache.poi.ss.usermodel.WorkbookFactory.create(WorkbookFactory.java:185)
	at genericPackage.Flib.readExcelData(Flib.java:20)
	at testPackage.UserTestCase.createUserMethod(UserTestCase.java:27)
	at java.base/java.util.ArrayList.forEach(ArrayList.java:1511)
... Removed 27 stack frames</div></td></tr></table><p class="totop"><a href="#summary">back to summary</a></p>
<h3 id="m2">testPackage.ValidLoginTestCase#inValidLoginMethod</h3><table class="result"><tr><th>Exception</th></tr><tr><td><div class="stacktrace">java.io.IOException: Your InputStream was neither an OLE2 stream, nor an OOXML stream or you haven&apos;t provide the poi-ooxml*.jar in the classpath/modulepath - FileMagic: OOXML, having providers: [org.apache.poi.hssf.usermodel.HSSFWorkbookFactory@75de6341]
	at org.apache.poi.ss.usermodel.WorkbookFactory.wp(WorkbookFactory.java:334)
	at org.apache.poi.ss.usermodel.WorkbookFactory.create(WorkbookFactory.java:224)
	at org.apache.poi.ss.usermodel.WorkbookFactory.create(WorkbookFactory.java:185)
	at genericPackage.Flib.getLastRowCount(Flib.java:31)
	at testPackage.ValidLoginTestCase.inValidLoginMethod(ValidLoginTestCase.java:32)
	at java.base/java.util.ArrayList.forEach(ArrayList.java:1511)
... Removed 27 stack frames</div></td></tr></table><p class="totop"><a href="#summary">back to summary</a></p>
<h3 id="m3">testPackage.ValidLoginTestCase#loginMethod</h3><table class="result"><tr><th class="invisible"/></tr></table><p class="totop"><a href="#summary">back to summary</a></p>
</body>
</html>
